[debug] [2021-03-11T11:11:54.237Z] ----------------------------------------------------------------------
[debug] [2021-03-11T11:11:54.239Z] Command:       C:\Program Files\nodejs\node.exe C:\Users\imano\AppData\Roaming\npm\node_modules\firebase-tools\lib\bin\firebase.js hosting:channel:deploy preview_name
[debug] [2021-03-11T11:11:54.240Z] CLI Version:   9.6.0
[debug] [2021-03-11T11:11:54.240Z] Platform:      win32
[debug] [2021-03-11T11:11:54.240Z] Node Version:  v14.15.5
[debug] [2021-03-11T11:11:54.241Z] Time:          Thu Mar 11 2021 16:41:54 GMT+0530 (India Standard Time)
[debug] [2021-03-11T11:11:54.241Z] ----------------------------------------------------------------------
[debug] [2021-03-11T11:11:54.241Z] 
[debug] [2021-03-11T11:11:54.250Z] > command requires scopes: ["email","openid","https://www.googleapis.com/auth/cloudplatformprojects.readonly","https://www.googleapis.com/auth/firebase","https://www.googleapis.com/auth/cloud-platform"]
[debug] [2021-03-11T11:11:54.250Z] > authorizing via signed-in user
[debug] [2021-03-11T11:11:54.251Z] [iam] checking project olxclone-3137d for permissions ["firebase.projects.get","firebasehosting.sites.update"]
[debug] [2021-03-11T11:11:54.253Z] >>> HTTP REQUEST POST https://cloudresourcemanager.googleapis.com/v1/projects/olxclone-3137d:testIamPermissions  
 {"permissions":["firebase.projects.get","firebasehosting.sites.update"]}
[debug] [2021-03-11T11:11:55.540Z] <<< HTTP RESPONSE 200 {"content-type":"application/json; charset=UTF-8","vary":"X-Origin, Referer, Origin,Accept-Encoding","date":"Thu, 11 Mar 2021 11:11:55 GMT","server":"ESF","cache-control":"private","x-xss-protection":"0","x-frame-options":"SAMEORIGIN","x-content-type-options":"nosniff","server-timing":"gfet4t7; dur=1130","alt-svc":"h3-29=\":443\"; ma=2592000,h3-T051=\":443\"; ma=2592000,h3-Q050=\":443\"; ma=2592000,h3-Q046=\":443\"; ma=2592000,h3-Q043=\":443\"; ma=2592000,quic=\":443\"; ma=2592000; v=\"46,43\"","accept-ranges":"none","transfer-encoding":"chunked"}
[debug] [2021-03-11T11:11:55.543Z] > refreshing access token with scopes: []
[debug] [2021-03-11T11:11:55.543Z] >>> HTTP REQUEST POST https://www.googleapis.com/oauth2/v3/token  
 <request body omitted>
[debug] [2021-03-11T11:11:55.714Z] <<< HTTP RESPONSE 200 {"pragma":"no-cache","cache-control":"no-cache, no-store, max-age=0, must-revalidate","date":"Thu, 11 Mar 2021 11:11:55 GMT","expires":"Mon, 01 Jan 1990 00:00:00 GMT","content-type":"application/json; charset=utf-8","vary":"X-Origin, Referer, Origin,Accept-Encoding","server":"scaffolding on HTTPServer2","x-xss-protection":"0","x-frame-options":"SAMEORIGIN","x-content-type-options":"nosniff","alt-svc":"h3-29=\":443\"; ma=2592000,h3-T051=\":443\"; ma=2592000,h3-Q050=\":443\"; ma=2592000,h3-Q046=\":443\"; ma=2592000,h3-Q043=\":443\"; ma=2592000,quic=\":443\"; ma=2592000; v=\"46,43\"","accept-ranges":"none","transfer-encoding":"chunked"}
[debug] [2021-03-11T11:11:55.748Z] >>> [apiv2][query] GET https://firebase.googleapis.com/v1beta1/projects/olxclone-3137d [none]
[debug] [2021-03-11T11:11:56.081Z] <<< [apiv2][status] GET https://firebase.googleapis.com/v1beta1/projects/olxclone-3137d 200
[debug] [2021-03-11T11:11:56.081Z] <<< [apiv2][body] GET https://firebase.googleapis.com/v1beta1/projects/olxclone-3137d {"projectId":"olxclone-3137d","projectNumber":"1095734728208","displayName":"OLXClone","name":"projects/olxclone-3137d","resources":{"hostingSite":"olxclone-3137d","realtimeDatabaseInstance":"olxclone-3137d-default-rtdb","storageBucket":"olxclone-3137d.appspot.com","locationId":"us-central"},"state":"ACTIVE"}
[info] 
[info] === Deploying to 'olxclone-3137d'...
[info] 
[info] i  deploying hosting 
[info] 
[info] +  Deploy complete! 
[info] 
[info] Project Console: https://console.firebase.google.com/project/olxclone-3137d/overview
[debug] [2021-03-11T11:11:56.256Z] TypeError: Cannot read property 'deploys' of undefined
    at C:\Users\imano\AppData\Roaming\npm\node_modules\firebase-tools\lib\deploy\index.js:85:36
    at processTicksAndRejections (internal/process/task_queues.js:93:5)
    at async Command.actionFn (C:\Users\imano\AppData\Roaming\npm\node_modules\firebase-tools\lib\commands\hosting-channel-deploy.js:82:5)
[error] 
[error] Error: An unexpected error has occurred.
