Arguments: 
  C:\Program Files\nodejs\node.exe C:\Users\imano\AppData\Roaming\npm\node_modules\yarn\bin\yarn.js

PATH: 
  C:\Windows\system32;C:\Windows;C:\Windows\System32\Wbem;C:\Windows\System32\WindowsPowerShell\v1.0\;C:\Windows\System32\OpenSSH\;C:\Program Files\nodejs\;"C:\Users\imano\AppData\Local\Android\Sdk\platform-tools;C:\Users\imano\AppData\Local\Android\Sdk\emulator";C:\ProgramData\chocolatey\bin;C:\Program Files\Git\cmd;C:\Users\imano\AppData\Local\Android\Sdk\emulator;;C:\Users\imano\scoop\shims;C:\Users\imano\AppData\Local\Microsoft\WindowsApps;C:\Users\imano\AppData\Local\Programs\Microsoft VS Code\bin;C:\Users\imano\AppData\Roaming\npm;C:\Users\imano\AppData\Local\Programs\Microsoft VS Code Insiders\bin;C:\Users\imano\AppData\Local\GitHubDesktop\bin

Yarn version: 
  1.22.10

Node version: 
  14.15.5

Platform: 
  win32 x64

Trace: 
  Error: https://registry.yarnpkg.com/@firebase/firestore/-/firestore-2.2.3.tgz: ESOCKETTIMEDOUT
      at ClientRequest.<anonymous> (C:\Users\imano\AppData\Roaming\npm\node_modules\yarn\lib\cli.js:141289:19)
      at Object.onceWrapper (events.js:421:28)
      at ClientRequest.emit (events.js:315:20)
      at TLSSocket.emitRequestTimeout (_http_client.js:784:9)
      at Object.onceWrapper (events.js:421:28)
      at TLSSocket.emit (events.js:327:22)
      at TLSSocket.Socket._onTimeout (net.js:483:8)
      at listOnTimeout (internal/timers.js:554:17)
      at processTimers (internal/timers.js:497:7)

npm manifest: 
  {
    "name": "super-chat",
    "version": "0.0.1",
    "private": true,
    "scripts": {
      "android": "react-native run-android",
      "ios": "react-native run-ios",
      "start": "react-native start",
      "test": "jest",
      "lint": "eslint ."
    },
    "dependencies": {
      "@react-native-community/masked-view": "^0.1.10",
      "@react-native-firebase/app": "^11.2.0",
      "@react-native-firebase/auth": "^11.2.0",
      "@react-native-firebase/database": "^11.2.0",
      "@react-native-firebase/firestore": "^11.2.0",
      "@react-native-firebase/storage": "^11.2.0",
      "@react-navigation/bottom-tabs": "^5.11.8",
      "@react-navigation/native": "^5.9.3",
      "@react-navigation/stack": "^5.14.3",
      "firebase": "^8.2.10",
      "react": "16.13.1",
      "react-native": "0.63.4",
      "react-native-document-picker": "^5.0.1",
      "react-native-gesture-handler": "^1.10.3",
      "react-native-paper": "^4.7.2",
      "react-native-safe-area-context": "^3.1.9",
      "react-native-screens": "^2.18.1",
      "react-native-vector-icons": "^8.1.0",
      "react-native-web": "^0.15.0"
    },
    "devDependencies": {
      "@babel/core": "^7.13.8",
      "@babel/runtime": "^7.13.9",
      "@react-native-community/eslint-config": "^2.0.0",
      "babel-jest": "^26.6.3",
      "eslint": "^7.21.0",
      "jest": "^26.6.3",
      "metro-react-native-babel-preset": "^0.65.2",
      "react-scripts": "^4.0.3",
      "react-test-renderer": "16.13.1"
    },
    "jest": {
      "preset": "react-native"
    }
  }

yarn manifest: 
  No manifest

Lockfile: 
  No lockfile
